<?xml version="1.0" encoding="UTF-8"?>
<!-- Generated by org.testng.reporters.JUnitXMLReporter -->
<testsuite ignored="0" hostname="DESKTOP-OBQ3MPO" failures="0" tests="3" name="homePage" time="10.611" errors="0" timestamp="2025-12-16T16:16:16 IST">
  <testcase classname="TestCases.HomePageValidation" name="TC01_SearchProduct" time="5.427"/>
  <testcase classname="TestCases.HomePageValidation" name="TC02_AddProduct" time="2.252"/>
  <testcase classname="TestCases.HomePageValidation" name="TC03_ValidateCartPageTitle" time="2.109"/>
</testsuite> <!-- homePage -->
