<?xml version="1.0" encoding="UTF-8"?>
<!-- Generated by org.testng.reporters.JUnitXMLReporter -->
<testsuite ignored="0" hostname="DESKTOP-OBQ3MPO" failures="1" tests="2" name="Test" time="25.896" errors="0" timestamp="2025-12-15T21:49:31 IST">
  <testcase classname="TestCases.SignInValidation" name="TC01_SignIn" time="2.989"/>
  <testcase classname="TestCases.SignInValidation" name="TC02_FillCreds" time="10.126">
    <failure type="java.lang.AssertionError" message="Login failed. Actual text: Hello, Aman">
      <![CDATA[java.lang.AssertionError: Login failed. Actual text: Hello, Aman
at TestCases.SignInValidation.TC02_FillCreds(SignInValidation.java:31)
at java.base/java.util.ArrayList.forEach(ArrayList.java:1596)
... Removed 26 stack frames]]>
    </failure>
  </testcase> <!-- TC02_FillCreds -->
</testsuite> <!-- Test -->
