<?xml version="1.0" encoding="UTF-8"?>
<!-- Generated by org.testng.reporters.JUnitXMLReporter -->
<testsuite ignored="0" hostname="DESKTOP-OBQ3MPO" failures="1" tests="2" name="Test" time="13.722" errors="0" timestamp="2025-12-15T20:23:44 IST">
  <testcase classname="TestCases.HomePageValidation" name="TC01_SignIn" time="2.635"/>
  <testcase classname="TestCases.HomePageValidation" name="TC02_CheckUserNavigateSignInPage" time="0.131">
    <failure type="java.lang.AssertionError" message="expected [false] but found [true]">
      <![CDATA[java.lang.AssertionError: expected [false] but found [true]
at TestCases.HomePageValidation.TC02_CheckUserNavigateSignInPage(HomePageValidation.java:20)
at java.base/java.util.ArrayList.forEach(ArrayList.java:1596)
... Removed 32 stack frames]]>
    </failure>
  </testcase> <!-- TC02_CheckUserNavigateSignInPage -->
</testsuite> <!-- Test -->
