<?xml version="1.0" encoding="UTF-8"?>
<!-- Generated by org.testng.reporters.JUnitXMLReporter -->
<testsuite ignored="1" hostname="DESKTOP-OBQ3MPO" failures="1" tests="1" name="Test(failed)" time="9.586" errors="0" timestamp="2025-12-15T19:51:38 IST">
  <testcase classname="TestCases.HomePageValidation" name="TC02_CheckUserNavigateSignInPage" time="0.059">
    <failure type="java.lang.NullPointerException" message="Cannot invoke &amp;quot;pages.HomePage.CheckNavigateSignInPage()&amp;quot; because &amp;quot;this.hp&amp;quot; is null">
      <![CDATA[java.lang.NullPointerException: Cannot invoke "pages.HomePage.CheckNavigateSignInPage()" because "this.hp" is null
at TestCases.HomePageValidation.TC02_CheckUserNavigateSignInPage(HomePageValidation.java:20)
at java.base/java.util.ArrayList.forEach(ArrayList.java:1596)
... Removed 25 stack frames]]>
    </failure>
  </testcase> <!-- TC02_CheckUserNavigateSignInPage -->
  <testcase classname="TestCases.HomePageValidation" name="TC01_SignIn" time="0.0">
    <ignored/>
  </testcase> <!-- TC01_SignIn -->
</testsuite> <!-- Test(failed) -->
