<?xml version="1.0" encoding="UTF-8"?>
<testng-results ignored="0" total="7" passed="5" failed="2" skipped="0">
  <reporter-output>
  </reporter-output>
  <suite started-at="2025-12-16T16:59:11 IST" name="Suite" finished-at="2025-12-16T16:59:44 IST" duration-ms="32076">
    <groups>
      <group name="HomePage">
        <method signature="CartPageValidation.TC02_ValidateCartPageTitle()[pri:0, instance:TestCases.CartPageValidation@752325ad]" name="TC02_ValidateCartPageTitle" class="TestCases.CartPageValidation"/>
        <method signature="CartPageValidation.TC03_IteamCount()[pri:0, instance:TestCases.CartPageValidation@752325ad]" name="TC03_IteamCount" class="TestCases.CartPageValidation"/>
        <method signature="HomePageValidation.TC01_SearchProduct()[pri:0, instance:TestCases.HomePageValidation@2a5c8d3f]" name="TC01_SearchProduct" class="TestCases.HomePageValidation"/>
        <method signature="HomePageValidation.TC02_AddProduct()[pri:0, instance:TestCases.HomePageValidation@2a5c8d3f]" name="TC02_AddProduct" class="TestCases.HomePageValidation"/>
      </group> <!-- HomePage -->
      <group name="regression">
        <method signature="CartPageValidation.TC01_CheckCart()[pri:0, instance:TestCases.CartPageValidation@752325ad]" name="TC01_CheckCart" class="TestCases.CartPageValidation"/>
        <method signature="CartPageValidation.TC02_ValidateCartPageTitle()[pri:0, instance:TestCases.CartPageValidation@752325ad]" name="TC02_ValidateCartPageTitle" class="TestCases.CartPageValidation"/>
        <method signature="CartPageValidation.TC03_IteamCount()[pri:0, instance:TestCases.CartPageValidation@752325ad]" name="TC03_IteamCount" class="TestCases.CartPageValidation"/>
        <method signature="HomePageValidation.TC01_SearchProduct()[pri:0, instance:TestCases.HomePageValidation@2a5c8d3f]" name="TC01_SearchProduct" class="TestCases.HomePageValidation"/>
        <method signature="HomePageValidation.TC02_AddProduct()[pri:0, instance:TestCases.HomePageValidation@2a5c8d3f]" name="TC02_AddProduct" class="TestCases.HomePageValidation"/>
        <method signature="SignInValidation.TC01_SignIn()[pri:0, instance:TestCases.SignInValidation@fbd1f6]" name="TC01_SignIn" class="TestCases.SignInValidation"/>
        <method signature="SignInValidation.TC02_FillCreds(java.lang.String,java.lang.String)[pri:0, instance:TestCases.SignInValidation@fbd1f6]" name="TC02_FillCreds" class="TestCases.SignInValidation"/>
      </group> <!-- regression -->
      <group name="SignIn">
        <method signature="SignInValidation.TC01_SignIn()[pri:0, instance:TestCases.SignInValidation@fbd1f6]" name="TC01_SignIn" class="TestCases.SignInValidation"/>
        <method signature="SignInValidation.TC02_FillCreds(java.lang.String,java.lang.String)[pri:0, instance:TestCases.SignInValidation@fbd1f6]" name="TC02_FillCreds" class="TestCases.SignInValidation"/>
      </group> <!-- SignIn -->
      <group name="Cart">
        <method signature="CartPageValidation.TC01_CheckCart()[pri:0, instance:TestCases.CartPageValidation@752325ad]" name="TC01_CheckCart" class="TestCases.CartPageValidation"/>
        <method signature="CartPageValidation.TC03_IteamCount()[pri:0, instance:TestCases.CartPageValidation@752325ad]" name="TC03_IteamCount" class="TestCases.CartPageValidation"/>
      </group> <!-- Cart -->
    </groups>
    <test started-at="2025-12-16T16:59:11 IST" name="test" finished-at="2025-12-16T16:59:44 IST" duration-ms="32076">
      <class name="TestCases.HomePageValidation">
        <test-method signature="TC02_AddProduct()[pri:0, instance:TestCases.HomePageValidation@2a5c8d3f]" started-at="2025-12-16T16:59:30 IST" name="TC02_AddProduct" finished-at="2025-12-16T16:59:30 IST" duration-ms="49" status="FAIL">
          <exception class="java.lang.NullPointerException">
            <message>
              <![CDATA[Cannot invoke "pages.HomePage.AddProductInCart()" because "this.hp" is null]]>
            </message>
            <full-stacktrace>
              <![CDATA[java.lang.NullPointerException: Cannot invoke "pages.HomePage.AddProductInCart()" because "this.hp" is null
at TestCases.HomePageValidation.TC02_AddProduct(HomePageValidation.java:30)
at java.base/jdk.internal.reflect.DirectMethodHandleAccessor.invoke(DirectMethodHandleAccessor.java:103)
at java.base/java.lang.reflect.Method.invoke(Method.java:580)
at org.testng.internal.invokers.MethodInvocationHelper.invokeMethod(MethodInvocationHelper.java:141)
at org.testng.internal.invokers.TestInvoker.invokeMethod(TestInvoker.java:687)
at org.testng.internal.invokers.TestInvoker.invokeTestMethod(TestInvoker.java:230)
at org.testng.internal.invokers.MethodRunner.runInSequence(MethodRunner.java:63)
at org.testng.internal.invokers.TestInvoker$MethodInvocationAgent.invoke(TestInvoker.java:995)
at org.testng.internal.invokers.TestInvoker.invokeTestMethods(TestInvoker.java:203)
at org.testng.internal.invokers.TestMethodWorker.invokeTestMethods(TestMethodWorker.java:154)
at org.testng.internal.invokers.TestMethodWorker.run(TestMethodWorker.java:134)
at java.base/java.util.ArrayList.forEach(ArrayList.java:1596)
at org.testng.TestRunner.privateRun(TestRunner.java:741)
at org.testng.TestRunner.run(TestRunner.java:616)
at org.testng.SuiteRunner.runTest(SuiteRunner.java:421)
at org.testng.SuiteRunner.runSequentially(SuiteRunner.java:413)
at org.testng.SuiteRunner.privateRun(SuiteRunner.java:373)
at org.testng.SuiteRunner.run(SuiteRunner.java:312)
at org.testng.SuiteRunnerWorker.runSuite(SuiteRunnerWorker.java:52)
at org.testng.SuiteRunnerWorker.run(SuiteRunnerWorker.java:95)
at org.testng.TestNG.runSuitesSequentially(TestNG.java:1274)
at org.testng.TestNG.runSuitesLocally(TestNG.java:1208)
at org.testng.TestNG.runSuites(TestNG.java:1112)
at org.testng.TestNG.run(TestNG.java:1079)
at org.testng.remote.AbstractRemoteTestNG.run(AbstractRemoteTestNG.java:115)
at org.testng.remote.RemoteTestNG.initAndRun(RemoteTestNG.java:293)
at org.testng.remote.RemoteTestNG.main(RemoteTestNG.java:91)
]]>
            </full-stacktrace>
          </exception> <!-- java.lang.NullPointerException -->
          <reporter-output>
          </reporter-output>
        </test-method> <!-- TC02_AddProduct -->
        <test-method signature="TC01_SearchProduct()[pri:0, instance:TestCases.HomePageValidation@2a5c8d3f]" started-at="2025-12-16T16:59:37 IST" name="TC01_SearchProduct" finished-at="2025-12-16T16:59:43 IST" depends-on-methods="TC01_CheckCart" duration-ms="6102" status="PASS">
          <reporter-output>
          </reporter-output>
        </test-method> <!-- TC01_SearchProduct -->
      </class> <!-- TestCases.HomePageValidation -->
      <class name="TestCases.CartPageValidation">
        <test-method signature="TC01_CheckCart()[pri:0, instance:TestCases.CartPageValidation@752325ad]" started-at="2025-12-16T16:59:31 IST" name="TC01_CheckCart" finished-at="2025-12-16T16:59:35 IST" duration-ms="3776" status="FAIL">
          <exception class="org.openqa.selenium.StaleElementReferenceException">
            <message>
              <![CDATA[stale element reference: stale element not found in the current frame
  (Session info: chrome=143.0.7499.42)
For documentation on this error, please visit: https://www.selenium.dev/documentation/webdriver/troubleshooting/errors#staleelementreferenceexception
Build info: version: '4.38.0', revision: '6b412e825c*'
System info: os.name: 'Windows 10', os.arch: 'amd64', os.version: '10.0', java.version: '21.0.6'
Driver info: org.openqa.selenium.chrome.ChromeDriver
Command: [4f1fc8cae6bddfa67b3c1d9327e5aaf8, clickElement {id=f.FC15095EFE77C38D390AE344D8A53E1D.d.F85B9889DB7B02AD6A6D39650C5608DA.e.275}]
Capabilities {acceptInsecureCerts: false, browserName: chrome, browserVersion: 143.0.7499.42, chrome: {chromedriverVersion: 143.0.7499.42 (24bdc8c48a0c..., userDataDir: C:\Users\HP\AppData\Local\T...}, fedcm:accounts: true, goog:chromeOptions: {debuggerAddress: localhost:56901}, goog:processID: 1808, networkConnectionEnabled: false, pageLoadStrategy: normal, platformName: windows, proxy: Proxy(), se:cdp: ws://localhost:56901/devtoo..., se:cdpVersion: 143.0.7499.42, setWindowRect: true, strictFileInteractability: false, timeouts: {implicit: 0, pageLoad: 300000, script: 30000}, unhandledPromptBehavior: dismiss and notify, webauthn:extension:credBlob: true, webauthn:extension:largeBlob: true, webauthn:extension:minPinLength: true, webauthn:extension:prf: true, webauthn:virtualAuthenticators: true}
Element: [[ChromeDriver: chrome on windows (4f1fc8cae6bddfa67b3c1d9327e5aaf8)] -> xpath: //button[@data-a-selector='decrement']]
Session ID: 4f1fc8cae6bddfa67b3c1d9327e5aaf8]]>
            </message>
            <full-stacktrace>
              <![CDATA[org.openqa.selenium.StaleElementReferenceException: stale element reference: stale element not found in the current frame
  (Session info: chrome=143.0.7499.42)
For documentation on this error, please visit: https://www.selenium.dev/documentation/webdriver/troubleshooting/errors#staleelementreferenceexception
Build info: version: '4.38.0', revision: '6b412e825c*'
System info: os.name: 'Windows 10', os.arch: 'amd64', os.version: '10.0', java.version: '21.0.6'
Driver info: org.openqa.selenium.chrome.ChromeDriver
Command: [4f1fc8cae6bddfa67b3c1d9327e5aaf8, clickElement {id=f.FC15095EFE77C38D390AE344D8A53E1D.d.F85B9889DB7B02AD6A6D39650C5608DA.e.275}]
Capabilities {acceptInsecureCerts: false, browserName: chrome, browserVersion: 143.0.7499.42, chrome: {chromedriverVersion: 143.0.7499.42 (24bdc8c48a0c..., userDataDir: C:\Users\HP\AppData\Local\T...}, fedcm:accounts: true, goog:chromeOptions: {debuggerAddress: localhost:56901}, goog:processID: 1808, networkConnectionEnabled: false, pageLoadStrategy: normal, platformName: windows, proxy: Proxy(), se:cdp: ws://localhost:56901/devtoo..., se:cdpVersion: 143.0.7499.42, setWindowRect: true, strictFileInteractability: false, timeouts: {implicit: 0, pageLoad: 300000, script: 30000}, unhandledPromptBehavior: dismiss and notify, webauthn:extension:credBlob: true, webauthn:extension:largeBlob: true, webauthn:extension:minPinLength: true, webauthn:extension:prf: true, webauthn:virtualAuthenticators: true}
Element: [[ChromeDriver: chrome on windows (4f1fc8cae6bddfa67b3c1d9327e5aaf8)] -> xpath: //button[@data-a-selector='decrement']]
Session ID: 4f1fc8cae6bddfa67b3c1d9327e5aaf8
at java.base/jdk.internal.reflect.DirectConstructorHandleAccessor.newInstance(DirectConstructorHandleAccessor.java:62)
at java.base/java.lang.reflect.Constructor.newInstanceWithCaller(Constructor.java:502)
at java.base/java.lang.reflect.Constructor.newInstance(Constructor.java:486)
at org.openqa.selenium.remote.ErrorCodec.decode(ErrorCodec.java:167)
at org.openqa.selenium.remote.codec.w3c.W3CHttpResponseCodec.decode(W3CHttpResponseCodec.java:138)
at org.openqa.selenium.remote.codec.w3c.W3CHttpResponseCodec.decode(W3CHttpResponseCodec.java:50)
at org.openqa.selenium.remote.HttpCommandExecutor.execute(HttpCommandExecutor.java:215)
at org.openqa.selenium.remote.service.DriverCommandExecutor.invokeExecute(DriverCommandExecutor.java:216)
at org.openqa.selenium.remote.service.DriverCommandExecutor.execute(DriverCommandExecutor.java:174)
at org.openqa.selenium.remote.RemoteWebDriver.execute(RemoteWebDriver.java:557)
at org.openqa.selenium.remote.RemoteWebElement.execute(RemoteWebElement.java:223)
at org.openqa.selenium.remote.RemoteWebElement.click(RemoteWebElement.java:76)
at pages.CartPage.CheckCartEmpty(CartPage.java:50)
at TestCases.CartPageValidation.TC01_CheckCart(CartPageValidation.java:17)
at java.base/jdk.internal.reflect.DirectMethodHandleAccessor.invoke(DirectMethodHandleAccessor.java:103)
at java.base/java.lang.reflect.Method.invoke(Method.java:580)
at org.testng.internal.invokers.MethodInvocationHelper.invokeMethod(MethodInvocationHelper.java:141)
at org.testng.internal.invokers.TestInvoker.invokeMethod(TestInvoker.java:687)
at org.testng.internal.invokers.TestInvoker.invokeTestMethod(TestInvoker.java:230)
at org.testng.internal.invokers.MethodRunner.runInSequence(MethodRunner.java:63)
at org.testng.internal.invokers.TestInvoker$MethodInvocationAgent.invoke(TestInvoker.java:995)
at org.testng.internal.invokers.TestInvoker.invokeTestMethods(TestInvoker.java:203)
at org.testng.internal.invokers.TestMethodWorker.invokeTestMethods(TestMethodWorker.java:154)
at org.testng.internal.invokers.TestMethodWorker.run(TestMethodWorker.java:134)
at java.base/java.util.ArrayList.forEach(ArrayList.java:1596)
at org.testng.TestRunner.privateRun(TestRunner.java:741)
at org.testng.TestRunner.run(TestRunner.java:616)
at org.testng.SuiteRunner.runTest(SuiteRunner.java:421)
at org.testng.SuiteRunner.runSequentially(SuiteRunner.java:413)
at org.testng.SuiteRunner.privateRun(SuiteRunner.java:373)
at org.testng.SuiteRunner.run(SuiteRunner.java:312)
at org.testng.SuiteRunnerWorker.runSuite(SuiteRunnerWorker.java:52)
at org.testng.SuiteRunnerWorker.run(SuiteRunnerWorker.java:95)
at org.testng.TestNG.runSuitesSequentially(TestNG.java:1274)
at org.testng.TestNG.runSuitesLocally(TestNG.java:1208)
at org.testng.TestNG.runSuites(TestNG.java:1112)
at org.testng.TestNG.run(TestNG.java:1079)
at org.testng.remote.AbstractRemoteTestNG.run(AbstractRemoteTestNG.java:115)
at org.testng.remote.RemoteTestNG.initAndRun(RemoteTestNG.java:293)
at org.testng.remote.RemoteTestNG.main(RemoteTestNG.java:91)
]]>
            </full-stacktrace>
          </exception> <!-- org.openqa.selenium.StaleElementReferenceException -->
          <reporter-output>
          </reporter-output>
        </test-method> <!-- TC01_CheckCart -->
        <test-method signature="TC02_ValidateCartPageTitle()[pri:0, instance:TestCases.CartPageValidation@752325ad]" started-at="2025-12-16T16:59:35 IST" name="TC02_ValidateCartPageTitle" finished-at="2025-12-16T16:59:37 IST" duration-ms="1797" status="PASS">
          <reporter-output>
          </reporter-output>
        </test-method> <!-- TC02_ValidateCartPageTitle -->
        <test-method signature="TC03_IteamCount()[pri:0, instance:TestCases.CartPageValidation@752325ad]" started-at="2025-12-16T16:59:37 IST" name="TC03_IteamCount" finished-at="2025-12-16T16:59:37 IST" duration-ms="48" status="PASS">
          <reporter-output>
          </reporter-output>
        </test-method> <!-- TC03_IteamCount -->
      </class> <!-- TestCases.CartPageValidation -->
      <class name="TestCases.SignInValidation">
        <test-method is-config="true" signature="OpenBrowser()[pri:0, instance:TestCases.SignInValidation@fbd1f6]" started-at="2025-12-16T16:59:05 IST" name="OpenBrowser" finished-at="2025-12-16T16:59:11 IST" duration-ms="6588" status="PASS">
          <reporter-output>
          </reporter-output>
        </test-method> <!-- OpenBrowser -->
        <test-method signature="TC01_SignIn()[pri:0, instance:TestCases.SignInValidation@fbd1f6]" started-at="2025-12-16T16:59:13 IST" name="TC01_SignIn" finished-at="2025-12-16T16:59:19 IST" duration-ms="5522" status="PASS">
          <reporter-output>
          </reporter-output>
        </test-method> <!-- TC01_SignIn -->
        <test-method signature="TC02_FillCreds(java.lang.String,java.lang.String)[pri:0, instance:TestCases.SignInValidation@fbd1f6]" started-at="2025-12-16T16:59:20 IST" name="TC02_FillCreds" data-provider="ExcelData" finished-at="2025-12-16T16:59:30 IST" duration-ms="9826" status="PASS">
          <params>
            <param index="0">
              <value>
                <![CDATA[88aamankhan@gmail.com]]>
              </value>
            </param>
            <param index="1">
              <value>
                <![CDATA[Amna@071125]]>
              </value>
            </param>
          </params>
          <reporter-output>
          </reporter-output>
        </test-method> <!-- TC02_FillCreds -->
      </class> <!-- TestCases.SignInValidation -->
    </test> <!-- test -->
  </suite> <!-- Suite -->
</testng-results>
